<?xml version="1.0" encoding="UTF-8"?>
<testsuite name="hello.core.member.MemberServiceTest" tests="1" skipped="0" failures="0" errors="0" timestamp="2025-02-19T06:19:21" hostname="DESKTOP-8E0L7EU" time="0.004">
  <properties/>
  <testcase name="join()" classname="hello.core.member.MemberServiceTest" time="0.004"/>
  <system-out><![CDATA[]]></system-out>
  <system-err><![CDATA[]]></system-err>
</testsuite>
