<?xml version="1.0" encoding="UTF-8"?>
<testsuite name="hello.core.CoreApplicationTests" tests="1" skipped="0" failures="0" errors="0" timestamp="2025-02-19T06:19:20" hostname="DESKTOP-8E0L7EU" time="0.644">
  <properties/>
  <testcase name="contextLoads()" classname="hello.core.CoreApplicationTests" time="0.644"/>
  <system-out><![CDATA[15:19:19.953 [Test worker] INFO org.springframework.test.context.support.AnnotationConfigContextLoaderUtils -- Could not detect default configuration classes for test class [hello.core.CoreApplicationTests]: CoreApplicationTests does not declare any static, non-private, non-final, nested classes annotated with @Configuration.
15:19:20.077 [Test worker] INFO org.springframework.boot.test.context.SpringBootTestContextBootstrapper -- Found @SpringBootConfiguration hello.core.CoreApplication for test class hello.core.CoreApplicationTests

  .   ____          _            __ _ _
 /\\ / ___'_ __ _ _(_)_ __  __ _ \ \ \ \
( ( )\___ | '_ | '_| | '_ \/ _` | \ \ \ \
 \\/  ___)| |_)| | | | | || (_| |  ) ) ) )
  '  |____| .__|_| |_|_| |_\__, | / / / /
 =========|_|==============|___/=/_/_/_/

 :: Spring Boot ::                (v3.4.2)

2025-02-19T15:19:20.448+09:00  INFO 2110736 --- [core] [    Test worker] hello.core.CoreApplicationTests          : Starting CoreApplicationTests using Java 17.0.13 with PID 2110736 (started by gon2y in C:\Users\gon2y\OneDrive\Soupring\core)
2025-02-19T15:19:20.450+09:00  INFO 2110736 --- [core] [    Test worker] hello.core.CoreApplicationTests          : No active profile set, falling back to 1 default profile: "default"
2025-02-19T15:19:20.909+09:00  INFO 2110736 --- [core] [    Test worker] hello.core.CoreApplicationTests          : Started CoreApplicationTests in 0.697 seconds (process running for 1.697)
]]></system-out>
  <system-err><![CDATA[]]></system-err>
</testsuite>
